app/build/outputs/logs/manifest-merger-debug-report.txt
-- Merging decision tree log ---
manifest
ADDED from src/main/AndroidManifest.xml:2:1-59:12
	xmlns:android
		ADDED from src/main/AndroidManifest.xml:2:11-69
	package
		ADDED from src/main/AndroidManifest.xml:3:5-31
		INJECTED from src/main/AndroidManifest.xml
		INJECTED from src/main/AndroidManifest.xml
	android:versionName
		INJECTED from src/main/AndroidManifest.xml
		INJECTED from src/main/AndroidManifest.xml
	android:versionCode
		INJECTED from src/main/AndroidManifest.xml
		INJECTED from src/main/AndroidManifest.xml
uses-permission#android.permission.INTERNET
ADDED from src/main/AndroidManifest.xml:5:5-67
MERGED from [OpenEyes:vitamio2:unspecified] AndroidManifest.xml:12:5-67
	android:name
		ADDED from src/main/AndroidManifest.xml:5:22-64
uses-permission#android.permission.WRITE_EXTERNAL_STORAGE
ADDED from src/main/AndroidManifest.xml:6:5-81
	android:name
		ADDED from src/main/AndroidManifest.xml:6:22-78
uses-permission#android.permission.READ_EXTERNAL_STORAGE
ADDED from src/main/AndroidManifest.xml:7:5-80
	android:name
		ADDED from src/main/AndroidManifest.xml:7:22-77
uses-permission#android.permission.ACCESS_NETWORK_STATE
ADDED from src/main/AndroidManifest.xml:9:5-79
MERGED from [OpenEyes:vitamio2:unspecified] AndroidManifest.xml:13:5-79
	android:name
		ADDED from src/main/AndroidManifest.xml:9:22-76
application
ADDED from src/main/AndroidManifest.xml:13:5-57:19
MERGED from [com.android.support:appcompat-v7:23.1.1] AndroidManifest.xml:22:5-20
MERGED from [com.android.support:support-v4:23.2.1] AndroidManifest.xml:22:5-20
MERGED from [com.android.support:support-v4:23.2.1] AndroidManifest.xml:22:5-20
MERGED from [com.android.support:support-v4:23.2.1] AndroidManifest.xml:22:5-20
MERGED from [com.android.support:support-v4:23.2.1] AndroidManifest.xml:22:5-20
MERGED from [com.android.support:support-v4:23.2.1] AndroidManifest.xml:22:5-20
MERGED from [org.xutils:xutils:3.3.36] AndroidManifest.xml:12:5-20
MERGED from [com.android.support:support-v4:23.2.1] AndroidManifest.xml:22:5-20
MERGED from [in.srain.cube:ultra-ptr:1.0.11] AndroidManifest.xml:11:5-20
MERGED from [OpenEyes:vitamio2:unspecified] AndroidManifest.xml:15:5-22:19
	android:supportsRtl
		ADDED from src/main/AndroidManifest.xml:18:9-35
	android:label
		ADDED from src/main/AndroidManifest.xml:17:9-41
	android:allowBackup
		ADDED from src/main/AndroidManifest.xml:15:9-35
	android:icon
		ADDED from src/main/AndroidManifest.xml:16:9-45
	android:theme
		ADDED from src/main/AndroidManifest.xml:19:9-40
	android:name
		ADDED from src/main/AndroidManifest.xml:14:9-43
activity#com.stx.openeyes.MainActivity
ADDED from src/main/AndroidManifest.xml:20:9-50
	android:name
		ADDED from src/main/AndroidManifest.xml:20:19-47
activity#com.stx.openeyes.view.activity.SpashActivity
ADDED from src/main/AndroidManifest.xml:22:9-30:20
	android:theme
		ADDED from src/main/AndroidManifest.xml:24:13-71
	android:name
		ADDED from src/main/AndroidManifest.xml:23:13-56
intent-filter#android.intent.action.MAIN+android.intent.category.LAUNCHER
ADDED from src/main/AndroidManifest.xml:25:13-29:29
action#android.intent.action.MAIN
ADDED from src/main/AndroidManifest.xml:26:17-69
	android:name
		ADDED from src/main/AndroidManifest.xml:26:25-66
category#android.intent.category.LAUNCHER
ADDED from src/main/AndroidManifest.xml:28:17-77
	android:name
		ADDED from src/main/AndroidManifest.xml:28:27-74
activity#com.stx.openeyes.view.activity.ShowVideoActivity
ADDED from src/main/AndroidManifest.xml:31:9-35:47
	android:screenOrientation
		ADDED from src/main/AndroidManifest.xml:34:13-56
	android:configChanges
		ADDED from src/main/AndroidManifest.xml:33:13-74
	android:theme
		ADDED from src/main/AndroidManifest.xml:35:13-44
	android:name
		ADDED from src/main/AndroidManifest.xml:32:13-60
activity#io.vov.vitamio.activity.InitActivity
ADDED from src/main/AndroidManifest.xml:39:9-44:63
MERGED from [OpenEyes:vitamio2:unspecified] AndroidManifest.xml:16:9-21:63
	android:windowSoftInputMode
		ADDED from src/main/AndroidManifest.xml:44:13-60
	android:configChanges
		ADDED from src/main/AndroidManifest.xml:41:13-113
	android:theme
		ADDED from src/main/AndroidManifest.xml:43:13-60
	android:name
		ADDED from src/main/AndroidManifest.xml:40:13-64
	android:launchMode
		ADDED from src/main/AndroidManifest.xml:42:13-43
activity#com.stx.openeyes.view.activity.FunctionActivity
ADDED from src/main/AndroidManifest.xml:45:9-77
	android:name
		ADDED from src/main/AndroidManifest.xml:45:19-65
receiver#com.stx.openeyes.receiver.NetStateReceiver
ADDED from src/main/AndroidManifest.xml:47:9-53:20
	android:name
		ADDED from src/main/AndroidManifest.xml:47:19-60
intent-filter#android.net.conn.CONNECTIVITY_CHANGE
ADDED from src/main/AndroidManifest.xml:48:13-52:29
action#android.net.conn.CONNECTIVITY_CHANGE
ADDED from src/main/AndroidManifest.xml:51:17-79
	android:name
		ADDED from src/main/AndroidManifest.xml:51:25-76
activity#com.stx.openeyes.view.activity.VideoDetailActivity
ADDED from src/main/AndroidManifest.xml:55:9-71
	android:name
		ADDED from src/main/AndroidManifest.xml:55:19-68
activity#com.stx.openeyes.view.activity.FindDetailActivity
ADDED from src/main/AndroidManifest.xml:56:9-79
	android:name
		ADDED from src/main/AndroidManifest.xml:56:19-67
uses-sdk
INJECTED from src/main/AndroidManifest.xml reason: use-sdk injection requested
MERGED from [com.android.support:appcompat-v7:23.1.1] AndroidManifest.xml:20:5-43
MERGED from [com.android.support:support-v4:23.2.1] AndroidManifest.xml:20:5-43
MERGED from [com.android.support:support-v4:23.2.1] AndroidManifest.xml:20:5-43
MERGED from [com.facebook.fresco:fresco:0.11.0] AndroidManifest.xml:5:5-7:41
MERGED from [com.facebook.fresco:drawee:0.11.0] AndroidManifest.xml:5:5-7:41
MERGED from [com.android.support:support-v4:23.2.1] AndroidManifest.xml:20:5-43
MERGED from [com.facebook.fresco:fbcore:0.11.0] AndroidManifest.xml:5:5-7:41
MERGED from [com.facebook.fresco:fbcore:0.11.0] AndroidManifest.xml:5:5-7:41
MERGED from [com.facebook.fresco:imagepipeline:0.11.0] AndroidManifest.xml:5:5-7:41
MERGED from [com.android.support:support-v4:23.2.1] AndroidManifest.xml:20:5-43
MERGED from [com.facebook.fresco:fbcore:0.11.0] AndroidManifest.xml:5:5-7:41
MERGED from [com.facebook.fresco:imagepipeline-base:0.11.0] AndroidManifest.xml:5:5-7:41
MERGED from [com.android.support:support-v4:23.2.1] AndroidManifest.xml:20:5-43
MERGED from [com.facebook.fresco:fbcore:0.11.0] AndroidManifest.xml:5:5-7:41
MERGED from [org.xutils:xutils:3.3.36] AndroidManifest.xml:8:5-10:41
MERGED from [com.android.support:recyclerview-v7:23.1.1] AndroidManifest.xml:20:5-43
MERGED from [com.android.support:support-v4:23.2.1] AndroidManifest.xml:20:5-43
MERGED from [in.srain.cube:ultra-ptr:1.0.11] AndroidManifest.xml:7:5-9:41
MERGED from [com.ogaclejapan.smarttablayout:library:1.6.0] AndroidManifest.xml:8:5-10:41
MERGED from [com.ogaclejapan.smarttablayout:utils-v4:1.6.0] AndroidManifest.xml:8:5-10:41
MERGED from [OpenEyes:vitamio2:unspecified] AndroidManifest.xml:7:5-9:41
	android:targetSdkVersion
		INJECTED from src/main/AndroidManifest.xml
		INJECTED from src/main/AndroidManifest.xml
	android:minSdkVersion
		INJECTED from src/main/AndroidManifest.xml
		INJECTED from src/main/AndroidManifest.xml
uses-permission#android.permission.WAKE_LOCK
ADDED from [OpenEyes:vitamio2:unspecified] AndroidManifest.xml:11:5-68
	android:name
		ADDED from [OpenEyes:vitamio2:unspecified] AndroidManifest.xml:11:22-65